<?xml version="1.0" encoding="UTF-8"?>
<!-- Generated by org.testng.reporters.JUnitReportReporter -->
<testsuite hostname="DESKTOP-3GNSTIR" failures="0" tests="1" name="runner.TestRunner" time="17.263" errors="0" timestamp="2022-05-26T03:01:50 EET" skipped="0">
  <testcase classname="runner.TestRunner" name="runScenario" time="17.263"/>
  <system-out/>
</testsuite> <!-- runner.TestRunner -->
